[03:09:34] [main/INFO] [REI] Registered plugin provider DefaultPlugin [roughlyenoughitems] for REIPlugin
[03:09:34] [main/INFO] [REI] Registered plugin provider DefaultRuntimePlugin [roughlyenoughitems] for REIPlugin
[03:09:34] [main/INFO] [REI] Registered plugin provider AdornReiServer [adorn] for REIPlugin
[03:09:34] [main/INFO] [REI] Registered plugin provider DBServerPlugin [decorative_blocks] for REIPlugin
[03:09:34] [main/INFO] [REI] Registered plugin provider ImprovedStationsREIContainerInfo [improved-stations] for REIPlugin
[03:09:34] [main/INFO] [REI] Registered plugin provider ConjuringCommonPlugin [conjuring] for REIPlugin
[03:09:34] [main/INFO] [REI] Registered plugin provider REIServerIntegration [spectrum] for REIPlugin
[03:09:34] [main/INFO] [REI] Registered plugin provider DefaultPlugin [roughlyenoughitems] for REIServerPlugin
[03:09:34] [main/INFO] [REI] Registered plugin provider DefaultRuntimePlugin [roughlyenoughitems] for REIServerPlugin
[03:09:34] [main/INFO] [REI] Registered plugin provider AdornReiServer [adorn] for REIServerPlugin
[03:09:34] [main/INFO] [REI] Registered plugin provider DBServerPlugin [decorative_blocks] for REIServerPlugin
[03:09:34] [main/INFO] [REI] Registered plugin provider ImprovedStationsREIContainerInfo [improved-stations] for REIServerPlugin
[03:09:34] [main/INFO] [REI] Registered plugin provider ConjuringCommonPlugin [conjuring] for REIServerPlugin
[03:09:35] [main/INFO] [REI] Registered plugin provider REIServerIntegration [spectrum] for REIServerPlugin
[03:09:35] [main/INFO] [REI] Registered plugin provider FabricFluidAPISupportPlugin for REIServerPlugin
[03:09:35] [main/INFO] [REI] Registered plugin provider FabricFluidAPISupportPlugin for REIPlugin
[03:09:41] [Worker-Main-8/INFO] [REI] Processed 2 tags in 1.085 ms for minecraft:game_event
[03:09:41] [Worker-Main-4/INFO] [REI] Processed 25 tags in 101.2 μs for minecraft:fluid
[03:09:41] [Worker-Main-3/INFO] [REI] Processed 0 tags in 15.12 μs for minecraft:worldgen/configured_structure_feature
[03:09:41] [Worker-Main-6/INFO] [REI] Processed 3 tags in 31.13 μs for minecraft:mob_effect
[03:09:41] [Worker-Main-2/INFO] [REI] Processed 8 tags in 70.50 μs for minecraft:enchantment
[03:09:41] [Worker-Main-8/INFO] [REI] Processed 55 tags in 357.0 μs for minecraft:entity_type
[03:09:41] [Worker-Main-5/INFO] [REI] Processed 0 tags in 118.8 μs for minecraft:worldgen/biome
[03:09:42] [Worker-Main-7/INFO] [REI] Processed 893 tags in 15.01 ms for minecraft:block
[03:09:42] [Worker-Main-4/INFO] [REI] Processed 2342 tags in 15.59 ms for minecraft:item
[03:09:50] [Worker-Main-3/DEBUG] [REI] [START] Reloading Section: "pre-register/"
[03:09:50] [Worker-Main-3/DEBUG] [REI] [START] Reloading Section: "pre-register/DefaultPlugin [roughlyenoughitems]/"
[03:09:50] [Worker-Main-3/DEBUG] [REI] [START] Reloading Section: "pre-register/DefaultPlugin [roughlyenoughitems]/" done in 1.211 ms
[03:09:50] [Worker-Main-3/DEBUG] [REI] [START] Reloading Section: "pre-register/FabricFluidAPISupportPlugin/"
[03:09:50] [Worker-Main-3/DEBUG] [REI] [START] Reloading Section: "pre-register/FabricFluidAPISupportPlugin/" done in 9.854 μs
[03:09:50] [Worker-Main-3/DEBUG] [REI] [START] Reloading Section: "pre-register/REIServerIntegration [spectrum]/"
[03:09:50] [Worker-Main-3/DEBUG] [REI] [START] Reloading Section: "pre-register/REIServerIntegration [spectrum]/" done in 10.78 μs
[03:09:50] [Worker-Main-3/DEBUG] [REI] [START] Reloading Section: "pre-register/ConjuringCommonPlugin [conjuring]/"
[03:09:50] [Worker-Main-3/DEBUG] [REI] [START] Reloading Section: "pre-register/ConjuringCommonPlugin [conjuring]/" done in 7.640 μs
[03:09:50] [Worker-Main-3/DEBUG] [REI] [START] Reloading Section: "pre-register/ImprovedStationsREIContainerInfo [improved-stations]/"
[03:09:50] [Worker-Main-3/DEBUG] [REI] [START] Reloading Section: "pre-register/ImprovedStationsREIContainerInfo [improved-stations]/" done in 6.800 μs
[03:09:50] [Worker-Main-3/DEBUG] [REI] [START] Reloading Section: "pre-register/DBServerPlugin [decorative_blocks]/"
[03:09:50] [Worker-Main-3/DEBUG] [REI] [START] Reloading Section: "pre-register/DBServerPlugin [decorative_blocks]/" done in 6.633 μs
[03:09:50] [Worker-Main-3/DEBUG] [REI] [START] Reloading Section: "pre-register/AdornReiServer [adorn]/"
[03:09:50] [Worker-Main-3/DEBUG] [REI] [START] Reloading Section: "pre-register/AdornReiServer [adorn]/" done in 13.38 μs
[03:09:50] [Worker-Main-3/DEBUG] [REI] [START] Reloading Section: "pre-register/DefaultRuntimePlugin [roughlyenoughitems]/"
[03:09:50] [Worker-Main-3/DEBUG] [REI] [START] Reloading Section: "pre-register/DefaultRuntimePlugin [roughlyenoughitems]/" done in 6.079 μs
[03:09:50] [Worker-Main-3/DEBUG] [REI] [START] Reloading Section: "pre-register/" done in 11.92 ms
[03:09:50] [Worker-Main-3/DEBUG] [REI] [START] Reloading Section: "pre-register/"
[03:09:50] [Worker-Main-3/DEBUG] [REI] [START] Reloading Section: "pre-register/DefaultPlugin [roughlyenoughitems]/"
[03:09:50] [Worker-Main-3/DEBUG] [REI] [START] Reloading Section: "pre-register/DefaultPlugin [roughlyenoughitems]/" done in 6.996 μs
[03:09:50] [Worker-Main-3/DEBUG] [REI] [START] Reloading Section: "pre-register/FabricFluidAPISupportPlugin/"
[03:09:50] [Worker-Main-3/DEBUG] [REI] [START] Reloading Section: "pre-register/FabricFluidAPISupportPlugin/" done in 5.737 μs
[03:09:50] [Worker-Main-3/DEBUG] [REI] [START] Reloading Section: "pre-register/REIServerIntegration [spectrum]/"
[03:09:50] [Worker-Main-3/DEBUG] [REI] [START] Reloading Section: "pre-register/REIServerIntegration [spectrum]/" done in 6.929 μs
[03:09:50] [Worker-Main-3/DEBUG] [REI] [START] Reloading Section: "pre-register/ConjuringCommonPlugin [conjuring]/"
[03:09:50] [Worker-Main-3/DEBUG] [REI] [START] Reloading Section: "pre-register/ConjuringCommonPlugin [conjuring]/" done in 11.76 μs
[03:09:50] [Worker-Main-3/DEBUG] [REI] [START] Reloading Section: "pre-register/ImprovedStationsREIContainerInfo [improved-stations]/"
[03:09:50] [Worker-Main-3/DEBUG] [REI] [START] Reloading Section: "pre-register/ImprovedStationsREIContainerInfo [improved-stations]/" done in 7.513 μs
[03:09:50] [Worker-Main-3/DEBUG] [REI] [START] Reloading Section: "pre-register/DBServerPlugin [decorative_blocks]/"
[03:09:50] [Worker-Main-3/DEBUG] [REI] [START] Reloading Section: "pre-register/DBServerPlugin [decorative_blocks]/" done in 6.409 μs
[03:09:50] [Worker-Main-3/DEBUG] [REI] [START] Reloading Section: "pre-register/AdornReiServer [adorn]/"
[03:09:50] [Worker-Main-3/DEBUG] [REI] [START] Reloading Section: "pre-register/AdornReiServer [adorn]/" done in 7.197 μs
[03:09:50] [Worker-Main-3/DEBUG] [REI] [START] Reloading Section: "pre-register/DefaultRuntimePlugin [roughlyenoughitems]/"
[03:09:50] [Worker-Main-3/DEBUG] [REI] [START] Reloading Section: "pre-register/DefaultRuntimePlugin [roughlyenoughitems]/" done in 6.619 μs
[03:09:50] [Worker-Main-3/DEBUG] [REI] [START] Reloading Section: "pre-register/" done in 782.5 μs
[03:09:50] [Worker-Main-3/DEBUG] [REI] [START] Reloading Section: "start-reload/"
[03:09:50] [Worker-Main-3/DEBUG] [REI] [START] Reloading Section: "start-reload/EntryTypeRegistryImpl/"
[03:09:50] [Worker-Main-3/DEBUG] [REI] [START] Reloading Section: "start-reload/EntryTypeRegistryImpl/" done in 305.6 μs
[03:09:50] [Worker-Main-3/DEBUG] [REI] [START] Reloading Section: "start-reload/EntrySettingsAdapterRegistryImpl/"
[03:09:50] [Worker-Main-3/DEBUG] [REI] [START] Reloading Section: "start-reload/EntrySettingsAdapterRegistryImpl/" done in 9.269 μs
[03:09:50] [Worker-Main-3/DEBUG] [REI] [START] Reloading Section: "start-reload/RecipeManagerContextImpl/"
[03:09:50] [Worker-Main-3/DEBUG] [REI] [START] Reloading Section: "start-reload/RecipeManagerContextImpl/" done in 5.422 μs
[03:09:50] [Worker-Main-3/DEBUG] [REI] [START] Reloading Section: "start-reload/ItemComparatorRegistryImpl/"
[03:09:50] [Worker-Main-3/DEBUG] [REI] [START] Reloading Section: "start-reload/ItemComparatorRegistryImpl/" done in 28.04 μs
[03:09:50] [Worker-Main-3/DEBUG] [REI] [START] Reloading Section: "start-reload/FluidComparatorRegistryImpl/"
[03:09:50] [Worker-Main-3/DEBUG] [REI] [START] Reloading Section: "start-reload/FluidComparatorRegistryImpl/" done in 7.247 μs
[03:09:50] [Worker-Main-3/DEBUG] [REI] [START] Reloading Section: "start-reload/DisplaySerializerRegistryImpl/"
[03:09:50] [Worker-Main-3/DEBUG] [REI] [START] Reloading Section: "start-reload/DisplaySerializerRegistryImpl/" done in 5.371 μs
[03:09:50] [Worker-Main-3/DEBUG] [REI] [START] Reloading Section: "start-reload/FluidSupportProviderImpl/"
[03:09:50] [Worker-Main-3/DEBUG] [REI] [START] Reloading Section: "start-reload/FluidSupportProviderImpl/" done in 16.23 μs
[03:09:50] [Worker-Main-3/DEBUG] [REI] [START] Reloading Section: "start-reload/" done in 1.170 ms
[03:09:50] [Worker-Main-3/INFO] [REI] Reloading Plugin Manager [REIPlugin] stage [START], registered 8 plugins: DefaultRuntimePlugin [roughlyenoughitems], AdornReiServer [adorn], DBServerPlugin [decorative_blocks], ImprovedStationsREIContainerInfo [improved-stations], ConjuringCommonPlugin [conjuring], REIServerIntegration [spectrum], FabricFluidAPISupportPlugin, DefaultPlugin [roughlyenoughitems]
[03:09:50] [Worker-Main-3/DEBUG] [REI] [START] Reloading Section: "reloadable-plugin/EntryTypeRegistryImpl/"
[03:09:50] [Worker-Main-3/DEBUG] [REI] [START] Reloading Section: "reloadable-plugin/EntryTypeRegistryImpl/DefaultPlugin [roughlyenoughitems]/"
[03:09:50] [Worker-Main-3/DEBUG] [REI] [START] Reloading Section: "reloadable-plugin/EntryTypeRegistryImpl/DefaultPlugin [roughlyenoughitems]/" done in 212.0 μs
[03:09:50] [Worker-Main-3/DEBUG] [REI] [START] Reloading Section: "reloadable-plugin/EntryTypeRegistryImpl/FabricFluidAPISupportPlugin/"
[03:09:50] [Worker-Main-3/DEBUG] [REI] [START] Reloading Section: "reloadable-plugin/EntryTypeRegistryImpl/FabricFluidAPISupportPlugin/" done in 12.90 μs
[03:09:50] [Worker-Main-3/DEBUG] [REI] [START] Reloading Section: "reloadable-plugin/EntryTypeRegistryImpl/REIServerIntegration [spectrum]/"
[03:09:50] [Worker-Main-3/DEBUG] [REI] [START] Reloading Section: "reloadable-plugin/EntryTypeRegistryImpl/REIServerIntegration [spectrum]/" done in 15.48 μs
[03:09:50] [Worker-Main-3/DEBUG] [REI] [START] Reloading Section: "reloadable-plugin/EntryTypeRegistryImpl/ConjuringCommonPlugin [conjuring]/"
[03:09:50] [Worker-Main-3/DEBUG] [REI] [START] Reloading Section: "reloadable-plugin/EntryTypeRegistryImpl/ConjuringCommonPlugin [conjuring]/" done in 10.07 μs
[03:09:50] [Worker-Main-3/DEBUG] [REI] [START] Reloading Section: "reloadable-plugin/EntryTypeRegistryImpl/ImprovedStationsREIContainerInfo [improved-stations]/"
[03:09:50] [Worker-Main-3/DEBUG] [REI] [START] Reloading Section: "reloadable-plugin/EntryTypeRegistryImpl/ImprovedStationsREIContainerInfo [improved-stations]/" done in 12.45 μs
[03:09:50] [Worker-Main-3/DEBUG] [REI] [START] Reloading Section: "reloadable-plugin/EntryTypeRegistryImpl/DBServerPlugin [decorative_blocks]/"
[03:09:50] [Worker-Main-3/DEBUG] [REI] [START] Reloading Section: "reloadable-plugin/EntryTypeRegistryImpl/DBServerPlugin [decorative_blocks]/" done in 9.068 μs
[03:09:50] [Worker-Main-3/DEBUG] [REI] [START] Reloading Section: "reloadable-plugin/EntryTypeRegistryImpl/AdornReiServer [adorn]/"
[03:09:50] [Worker-Main-3/DEBUG] [REI] [START] Reloading Section: "reloadable-plugin/EntryTypeRegistryImpl/AdornReiServer [adorn]/" done in 14.62 μs
[03:09:50] [Worker-Main-3/DEBUG] [REI] [START] Reloading Section: "reloadable-plugin/EntryTypeRegistryImpl/DefaultRuntimePlugin [roughlyenoughitems]/"
[03:09:50] [Worker-Main-3/DEBUG] [REI] [START] Reloading Section: "reloadable-plugin/EntryTypeRegistryImpl/DefaultRuntimePlugin [roughlyenoughitems]/" done in 10.58 ms
[03:09:50] [Worker-Main-3/DEBUG] [REI] [START] Reloading Section: "reloadable-plugin/EntryTypeRegistryImpl/" done in 12.48 ms
[03:09:50] [Worker-Main-3/DEBUG] [REI] [START] Reloading Section: "reloadable-plugin/EntrySettingsAdapterRegistryImpl/"
[03:09:50] [Worker-Main-3/DEBUG] [REI] [START] Reloading Section: "reloadable-plugin/EntrySettingsAdapterRegistryImpl/DefaultPlugin [roughlyenoughitems]/"
[03:09:50] [Worker-Main-3/DEBUG] [REI] [START] Reloading Section: "reloadable-plugin/EntrySettingsAdapterRegistryImpl/DefaultPlugin [roughlyenoughitems]/" done in 13.55 μs
[03:09:50] [Worker-Main-3/DEBUG] [REI] [START] Reloading Section: "reloadable-plugin/EntrySettingsAdapterRegistryImpl/FabricFluidAPISupportPlugin/"
[03:09:50] [Worker-Main-3/DEBUG] [REI] [START] Reloading Section: "reloadable-plugin/EntrySettingsAdapterRegistryImpl/FabricFluidAPISupportPlugin/" done in 11.92 μs
[03:09:50] [Worker-Main-3/DEBUG] [REI] [START] Reloading Section: "reloadable-plugin/EntrySettingsAdapterRegistryImpl/REIServerIntegration [spectrum]/"
[03:09:50] [Worker-Main-3/DEBUG] [REI] [START] Reloading Section: "reloadable-plugin/EntrySettingsAdapterRegistryImpl/REIServerIntegration [spectrum]/" done in 11.23 μs
[03:09:50] [Worker-Main-3/DEBUG] [REI] [START] Reloading Section: "reloadable-plugin/EntrySettingsAdapterRegistryImpl/ConjuringCommonPlugin [conjuring]/"
[03:09:50] [Worker-Main-3/DEBUG] [REI] [START] Reloading Section: "reloadable-plugin/EntrySettingsAdapterRegistryImpl/ConjuringCommonPlugin [conjuring]/" done in 12.51 μs
[03:09:50] [Worker-Main-3/DEBUG] [REI] [START] Reloading Section: "reloadable-plugin/EntrySettingsAdapterRegistryImpl/ImprovedStationsREIContainerInfo [improved-stations]/"
[03:09:50] [Worker-Main-3/DEBUG] [REI] [START] Reloading Section: "reloadable-plugin/EntrySettingsAdapterRegistryImpl/ImprovedStationsREIContainerInfo [improved-stations]/" done in 11.39 μs
[03:09:50] [Worker-Main-3/DEBUG] [REI] [START] Reloading Section: "reloadable-plugin/EntrySettingsAdapterRegistryImpl/DBServerPlugin [decorative_blocks]/"
[03:09:50] [Worker-Main-3/DEBUG] [REI] [START] Reloading Section: "reloadable-plugin/EntrySettingsAdapterRegistryImpl/DBServerPlugin [decorative_blocks]/" done in 35.21 μs
[03:09:50] [Worker-Main-3/DEBUG] [REI] [START] Reloading Section: "reloadable-plugin/EntrySettingsAdapterRegistryImpl/AdornReiServer [adorn]/"
[03:09:50] [Worker-Main-3/DEBUG] [REI] [START] Reloading Section: "reloadable-plugin/EntrySettingsAdapterRegistryImpl/AdornReiServer [adorn]/" done in 12.43 μs
[03:09:50] [Worker-Main-3/DEBUG] [REI] [START] Reloading Section: "reloadable-plugin/EntrySettingsAdapterRegistryImpl/DefaultRuntimePlugin [roughlyenoughitems]/"
[03:09:50] [Worker-Main-3/DEBUG] [REI] [START] Reloading Section: "reloadable-plugin/EntrySettingsAdapterRegistryImpl/DefaultRuntimePlugin [roughlyenoughitems]/" done in 10.82 μs
[03:09:50] [Worker-Main-3/DEBUG] [REI] [START] Reloading Section: "reloadable-plugin/EntrySettingsAdapterRegistryImpl/" done in 1.159 ms
[03:09:50] [Worker-Main-3/DEBUG] [REI] [START] Reloading Section: "reloadable-plugin/RecipeManagerContextImpl/"
[03:09:50] [Worker-Main-3/DEBUG] [REI] [START] Reloading Section: "reloadable-plugin/RecipeManagerContextImpl/DefaultPlugin [roughlyenoughitems]/"
[03:09:50] [Worker-Main-3/DEBUG] [REI] [START] Reloading Section: "reloadable-plugin/RecipeManagerContextImpl/DefaultPlugin [roughlyenoughitems]/" done in 9.657 μs
[03:09:50] [Worker-Main-3/DEBUG] [REI] [START] Reloading Section: "reloadable-plugin/RecipeManagerContextImpl/FabricFluidAPISupportPlugin/"
[03:09:50] [Worker-Main-3/DEBUG] [REI] [START] Reloading Section: "reloadable-plugin/RecipeManagerContextImpl/FabricFluidAPISupportPlugin/" done in 10.20 μs
[03:09:50] [Worker-Main-3/DEBUG] [REI] [START] Reloading Section: "reloadable-plugin/RecipeManagerContextImpl/REIServerIntegration [spectrum]/"
[03:09:50] [Worker-Main-3/DEBUG] [REI] [START] Reloading Section: "reloadable-plugin/RecipeManagerContextImpl/REIServerIntegration [spectrum]/" done in 10.62 μs
[03:09:50] [Worker-Main-3/DEBUG] [REI] [START] Reloading Section: "reloadable-plugin/RecipeManagerContextImpl/ConjuringCommonPlugin [conjuring]/"
[03:09:50] [Worker-Main-3/DEBUG] [REI] [START] Reloading Section: "reloadable-plugin/RecipeManagerContextImpl/ConjuringCommonPlugin [conjuring]/" done in 9.589 μs
[03:09:50] [Worker-Main-3/DEBUG] [REI] [START] Reloading Section: "reloadable-plugin/RecipeManagerContextImpl/ImprovedStationsREIContainerInfo [improved-stations]/"
[03:09:50] [Worker-Main-3/DEBUG] [REI] [START] Reloading Section: "reloadable-plugin/RecipeManagerContextImpl/ImprovedStationsREIContainerInfo [improved-stations]/" done in 9.588 μs
[03:09:50] [Worker-Main-3/DEBUG] [REI] [START] Reloading Section: "reloadable-plugin/RecipeManagerContextImpl/DBServerPlugin [decorative_blocks]/"
[03:09:50] [Worker-Main-3/DEBUG] [REI] [START] Reloading Section: "reloadable-plugin/RecipeManagerContextImpl/DBServerPlugin [decorative_blocks]/" done in 9.950 μs
[03:09:50] [Worker-Main-3/DEBUG] [REI] [START] Reloading Section: "reloadable-plugin/RecipeManagerContextImpl/AdornReiServer [adorn]/"
[03:09:50] [Worker-Main-3/DEBUG] [REI] [START] Reloading Section: "reloadable-plugin/RecipeManagerContextImpl/AdornReiServer [adorn]/" done in 11.16 μs
[03:09:50] [Worker-Main-3/DEBUG] [REI] [START] Reloading Section: "reloadable-plugin/RecipeManagerContextImpl/DefaultRuntimePlugin [roughlyenoughitems]/"
[03:09:50] [Worker-Main-3/DEBUG] [REI] [START] Reloading Section: "reloadable-plugin/RecipeManagerContextImpl/DefaultRuntimePlugin [roughlyenoughitems]/" done in 11.46 μs
[03:09:50] [Worker-Main-3/DEBUG] [REI] [START] Reloading Section: "reloadable-plugin/RecipeManagerContextImpl/" done in 952.3 μs
[03:09:50] [Worker-Main-3/DEBUG] [REI] [START] Reloading Section: "reloadable-plugin/ItemComparatorRegistryImpl/"
[03:09:50] [Worker-Main-3/DEBUG] [REI] [START] Reloading Section: "reloadable-plugin/ItemComparatorRegistryImpl/DefaultPlugin [roughlyenoughitems]/"
[03:09:50] [Worker-Main-3/DEBUG] [REI] [START] Reloading Section: "reloadable-plugin/ItemComparatorRegistryImpl/DefaultPlugin [roughlyenoughitems]/" done in 1.197 ms
[03:09:50] [Worker-Main-3/DEBUG] [REI] [START] Reloading Section: "reloadable-plugin/ItemComparatorRegistryImpl/FabricFluidAPISupportPlugin/"
[03:09:50] [Worker-Main-3/DEBUG] [REI] [START] Reloading Section: "reloadable-plugin/ItemComparatorRegistryImpl/FabricFluidAPISupportPlugin/" done in 39.45 μs
[03:09:50] [Worker-Main-3/DEBUG] [REI] [START] Reloading Section: "reloadable-plugin/ItemComparatorRegistryImpl/REIServerIntegration [spectrum]/"
[03:09:50] [Worker-Main-3/DEBUG] [REI] [START] Reloading Section: "reloadable-plugin/ItemComparatorRegistryImpl/REIServerIntegration [spectrum]/" done in 14.60 μs
[03:09:50] [Worker-Main-3/DEBUG] [REI] [START] Reloading Section: "reloadable-plugin/ItemComparatorRegistryImpl/ConjuringCommonPlugin [conjuring]/"
[03:09:50] [Worker-Main-3/DEBUG] [REI] [START] Reloading Section: "reloadable-plugin/ItemComparatorRegistryImpl/ConjuringCommonPlugin [conjuring]/" done in 10.56 μs
[03:09:50] [Worker-Main-3/DEBUG] [REI] [START] Reloading Section: "reloadable-plugin/ItemComparatorRegistryImpl/ImprovedStationsREIContainerInfo [improved-stations]/"
[03:09:50] [Worker-Main-3/DEBUG] [REI] [START] Reloading Section: "reloadable-plugin/ItemComparatorRegistryImpl/ImprovedStationsREIContainerInfo [improved-stations]/" done in 10.87 μs
[03:09:50] [Worker-Main-3/DEBUG] [REI] [START] Reloading Section: "reloadable-plugin/ItemComparatorRegistryImpl/DBServerPlugin [decorative_blocks]/"
[03:09:50] [Worker-Main-3/DEBUG] [REI] [START] Reloading Section: "reloadable-plugin/ItemComparatorRegistryImpl/DBServerPlugin [decorative_blocks]/" done in 10.53 μs
[03:09:50] [Worker-Main-3/DEBUG] [REI] [START] Reloading Section: "reloadable-plugin/ItemComparatorRegistryImpl/AdornReiServer [adorn]/"
[03:09:50] [Worker-Main-3/DEBUG] [REI] [START] Reloading Section: "reloadable-plugin/ItemComparatorRegistryImpl/AdornReiServer [adorn]/" done in 12.36 μs
[03:09:50] [Worker-Main-3/DEBUG] [REI] [START] Reloading Section: "reloadable-plugin/ItemComparatorRegistryImpl/DefaultRuntimePlugin [roughlyenoughitems]/"
[03:09:50] [Worker-Main-3/DEBUG] [REI] [START] Reloading Section: "reloadable-plugin/ItemComparatorRegistryImpl/DefaultRuntimePlugin [roughlyenoughitems]/" done in 9.936 μs
[03:09:50] [Worker-Main-3/DEBUG] [REI] [START] Reloading Section: "reloadable-plugin/ItemComparatorRegistryImpl/" done in 2.826 ms
[03:09:50] [Worker-Main-3/DEBUG] [REI] [START] Reloading Section: "reloadable-plugin/FluidComparatorRegistryImpl/"
[03:09:50] [Worker-Main-3/DEBUG] [REI] [START] Reloading Section: "reloadable-plugin/FluidComparatorRegistryImpl/DefaultPlugin [roughlyenoughitems]/"
[03:09:50] [Worker-Main-3/DEBUG] [REI] [START] Reloading Section: "reloadable-plugin/FluidComparatorRegistryImpl/DefaultPlugin [roughlyenoughitems]/" done in 19.65 μs
[03:09:50] [Worker-Main-3/DEBUG] [REI] [START] Reloading Section: "reloadable-plugin/FluidComparatorRegistryImpl/FabricFluidAPISupportPlugin/"
[03:09:50] [Worker-Main-3/DEBUG] [REI] [START] Reloading Section: "reloadable-plugin/FluidComparatorRegistryImpl/FabricFluidAPISupportPlugin/" done in 10.71 μs
[03:09:50] [Worker-Main-3/DEBUG] [REI] [START] Reloading Section: "reloadable-plugin/FluidComparatorRegistryImpl/REIServerIntegration [spectrum]/"
[03:09:50] [Worker-Main-3/DEBUG] [REI] [START] Reloading Section: "reloadable-plugin/FluidComparatorRegistryImpl/REIServerIntegration [spectrum]/" done in 10.19 μs
[03:09:50] [Worker-Main-3/DEBUG] [REI] [START] Reloading Section: "reloadable-plugin/FluidComparatorRegistryImpl/ConjuringCommonPlugin [conjuring]/"
[03:09:50] [Worker-Main-3/DEBUG] [REI] [START] Reloading Section: "reloadable-plugin/FluidComparatorRegistryImpl/ConjuringCommonPlugin [conjuring]/" done in 10.70 μs
[03:09:50] [Worker-Main-3/DEBUG] [REI] [START] Reloading Section: "reloadable-plugin/FluidComparatorRegistryImpl/ImprovedStationsREIContainerInfo [improved-stations]/"
[03:09:50] [Worker-Main-3/DEBUG] [REI] [START] Reloading Section: "reloadable-plugin/FluidComparatorRegistryImpl/ImprovedStationsREIContainerInfo [improved-stations]/" done in 15.02 μs
[03:09:50] [Worker-Main-3/DEBUG] [REI] [START] Reloading Section: "reloadable-plugin/FluidComparatorRegistryImpl/DBServerPlugin [decorative_blocks]/"
[03:09:50] [Worker-Main-3/DEBUG] [REI] [START] Reloading Section: "reloadable-plugin/FluidComparatorRegistryImpl/DBServerPlugin [decorative_blocks]/" done in 10.38 μs
[03:09:50] [Worker-Main-3/DEBUG] [REI] [START] Reloading Section: "reloadable-plugin/FluidComparatorRegistryImpl/AdornReiServer [adorn]/"
[03:09:50] [Worker-Main-3/DEBUG] [REI] [START] Reloading Section: "reloadable-plugin/FluidComparatorRegistryImpl/AdornReiServer [adorn]/" done in 10.58 μs
[03:09:50] [Worker-Main-3/DEBUG] [REI] [START] Reloading Section: "reloadable-plugin/FluidComparatorRegistryImpl/DefaultRuntimePlugin [roughlyenoughitems]/"
[03:09:50] [Worker-Main-3/DEBUG] [REI] [START] Reloading Section: "reloadable-plugin/FluidComparatorRegistryImpl/DefaultRuntimePlugin [roughlyenoughitems]/" done in 9.929 μs
[03:09:50] [Worker-Main-3/DEBUG] [REI] [START] Reloading Section: "reloadable-plugin/FluidComparatorRegistryImpl/" done in 950.9 μs
[03:09:50] [Worker-Main-3/DEBUG] [REI] [START] Reloading Section: "reloadable-plugin/DisplaySerializerRegistryImpl/"
[03:09:50] [Worker-Main-3/DEBUG] [REI] [START] Reloading Section: "reloadable-plugin/DisplaySerializerRegistryImpl/DefaultPlugin [roughlyenoughitems]/"
[03:09:50] [Worker-Main-3/DEBUG] [REI] [START] Reloading Section: "reloadable-plugin/DisplaySerializerRegistryImpl/DefaultPlugin [roughlyenoughitems]/" done in 11.44 μs
[03:09:50] [Worker-Main-3/DEBUG] [REI] [START] Reloading Section: "reloadable-plugin/DisplaySerializerRegistryImpl/FabricFluidAPISupportPlugin/"
[03:09:50] [Worker-Main-3/DEBUG] [REI] [START] Reloading Section: "reloadable-plugin/DisplaySerializerRegistryImpl/FabricFluidAPISupportPlugin/" done in 12.53 μs
[03:09:50] [Worker-Main-3/DEBUG] [REI] [START] Reloading Section: "reloadable-plugin/DisplaySerializerRegistryImpl/REIServerIntegration [spectrum]/"
[03:09:50] [Worker-Main-3/DEBUG] [REI] [START] Reloading Section: "reloadable-plugin/DisplaySerializerRegistryImpl/REIServerIntegration [spectrum]/" done in 9.941 μs
[03:09:50] [Worker-Main-3/DEBUG] [REI] [START] Reloading Section: "reloadable-plugin/DisplaySerializerRegistryImpl/ConjuringCommonPlugin [conjuring]/"
[03:09:50] [Worker-Main-3/DEBUG] [REI] [START] Reloading Section: "reloadable-plugin/DisplaySerializerRegistryImpl/ConjuringCommonPlugin [conjuring]/" done in 10.04 μs
[03:09:50] [Worker-Main-3/DEBUG] [REI] [START] Reloading Section: "reloadable-plugin/DisplaySerializerRegistryImpl/ImprovedStationsREIContainerInfo [improved-stations]/"
[03:09:50] [Worker-Main-3/DEBUG] [REI] [START] Reloading Section: "reloadable-plugin/DisplaySerializerRegistryImpl/ImprovedStationsREIContainerInfo [improved-stations]/" done in 11.61 μs
[03:09:50] [Worker-Main-3/DEBUG] [REI] [START] Reloading Section: "reloadable-plugin/DisplaySerializerRegistryImpl/DBServerPlugin [decorative_blocks]/"
[03:09:50] [Worker-Main-3/DEBUG] [REI] [START] Reloading Section: "reloadable-plugin/DisplaySerializerRegistryImpl/DBServerPlugin [decorative_blocks]/" done in 11.18 μs
[03:09:50] [Worker-Main-3/DEBUG] [REI] [START] Reloading Section: "reloadable-plugin/DisplaySerializerRegistryImpl/AdornReiServer [adorn]/"
[03:09:50] [Worker-Main-3/DEBUG] [REI] [START] Reloading Section: "reloadable-plugin/DisplaySerializerRegistryImpl/AdornReiServer [adorn]/" done in 11.07 μs
[03:09:50] [Worker-Main-3/DEBUG] [REI] [START] Reloading Section: "reloadable-plugin/DisplaySerializerRegistryImpl/DefaultRuntimePlugin [roughlyenoughitems]/"
[03:09:50] [Worker-Main-3/DEBUG] [REI] [START] Reloading Section: "reloadable-plugin/DisplaySerializerRegistryImpl/DefaultRuntimePlugin [roughlyenoughitems]/" done in 10.23 μs
[03:09:50] [Worker-Main-3/DEBUG] [REI] [START] Reloading Section: "reloadable-plugin/DisplaySerializerRegistryImpl/" done in 947.7 μs
[03:09:50] [Worker-Main-3/DEBUG] [REI] [START] Reloading Section: "reloadable-plugin/FluidSupportProviderImpl/"
[03:09:50] [Worker-Main-3/DEBUG] [REI] [START] Reloading Section: "reloadable-plugin/FluidSupportProviderImpl/DefaultPlugin [roughlyenoughitems]/"
[03:09:50] [Worker-Main-3/DEBUG] [REI] [START] Reloading Section: "reloadable-plugin/FluidSupportProviderImpl/DefaultPlugin [roughlyenoughitems]/" done in 949.1 μs
[03:09:50] [Worker-Main-3/DEBUG] [REI] [START] Reloading Section: "reloadable-plugin/FluidSupportProviderImpl/FabricFluidAPISupportPlugin/"
[03:09:50] [Worker-Main-3/DEBUG] [REI] [START] Reloading Section: "reloadable-plugin/FluidSupportProviderImpl/FabricFluidAPISupportPlugin/" done in 174.3 μs
[03:09:50] [Worker-Main-3/DEBUG] [REI] [START] Reloading Section: "reloadable-plugin/FluidSupportProviderImpl/REIServerIntegration [spectrum]/"
[03:09:50] [Worker-Main-3/DEBUG] [REI] [START] Reloading Section: "reloadable-plugin/FluidSupportProviderImpl/REIServerIntegration [spectrum]/" done in 12.44 μs
[03:09:50] [Worker-Main-3/DEBUG] [REI] [START] Reloading Section: "reloadable-plugin/FluidSupportProviderImpl/ConjuringCommonPlugin [conjuring]/"
[03:09:50] [Worker-Main-3/DEBUG] [REI] [START] Reloading Section: "reloadable-plugin/FluidSupportProviderImpl/ConjuringCommonPlugin [conjuring]/" done in 11.19 μs
[03:09:50] [Worker-Main-3/DEBUG] [REI] [START] Reloading Section: "reloadable-plugin/FluidSupportProviderImpl/ImprovedStationsREIContainerInfo [improved-stations]/"
[03:09:50] [Worker-Main-3/DEBUG] [REI] [START] Reloading Section: "reloadable-plugin/FluidSupportProviderImpl/ImprovedStationsREIContainerInfo [improved-stations]/" done in 10.77 μs
[03:09:50] [Worker-Main-3/DEBUG] [REI] [START] Reloading Section: "reloadable-plugin/FluidSupportProviderImpl/DBServerPlugin [decorative_blocks]/"
[03:09:50] [Worker-Main-3/DEBUG] [REI] [START] Reloading Section: "reloadable-plugin/FluidSupportProviderImpl/DBServerPlugin [decorative_blocks]/" done in 10.46 μs
[03:09:50] [Worker-Main-3/DEBUG] [REI] [START] Reloading Section: "reloadable-plugin/FluidSupportProviderImpl/AdornReiServer [adorn]/"
[03:09:50] [Worker-Main-3/DEBUG] [REI] [START] Reloading Section: "reloadable-plugin/FluidSupportProviderImpl/AdornReiServer [adorn]/" done in 11.47 μs
[03:09:50] [Worker-Main-3/DEBUG] [REI] [START] Reloading Section: "reloadable-plugin/FluidSupportProviderImpl/DefaultRuntimePlugin [roughlyenoughitems]/"
[03:09:50] [Worker-Main-3/DEBUG] [REI] [START] Reloading Section: "reloadable-plugin/FluidSupportProviderImpl/DefaultRuntimePlugin [roughlyenoughitems]/" done in 10.90 μs
[03:09:50] [Worker-Main-3/DEBUG] [REI] [START] Reloading Section: "reloadable-plugin/FluidSupportProviderImpl/" done in 2.076 ms
[03:09:50] [Worker-Main-3/DEBUG] [REI] [START] Reloading Section: "end-reload/"
[03:09:50] [Worker-Main-3/DEBUG] [REI] [START] Reloading Section: "end-reload/EntryTypeRegistryImpl/"
[03:09:50] [Worker-Main-3/DEBUG] [REI] [START] Reloading Section: "end-reload/EntryTypeRegistryImpl/" done in 12.72 μs
[03:09:50] [Worker-Main-3/DEBUG] [REI] [START] Reloading Section: "end-reload/EntrySettingsAdapterRegistryImpl/"
[03:09:50] [Worker-Main-3/DEBUG] [REI] [START] Reloading Section: "end-reload/EntrySettingsAdapterRegistryImpl/" done in 6.674 μs
[03:09:50] [Worker-Main-3/DEBUG] [REI] [START] Reloading Section: "end-reload/RecipeManagerContextImpl/"
[03:09:50] [Worker-Main-3/DEBUG] [REI] [START] Reloading Section: "end-reload/RecipeManagerContextImpl/" done in 5.973 μs
[03:09:50] [Worker-Main-3/DEBUG] [REI] [START] Reloading Section: "end-reload/ItemComparatorRegistryImpl/"
[03:09:50] [Worker-Main-3/DEBUG] [REI] [START] Reloading Section: "end-reload/ItemComparatorRegistryImpl/" done in 6.070 μs
[03:09:50] [Worker-Main-3/DEBUG] [REI] [START] Reloading Section: "end-reload/FluidComparatorRegistryImpl/"
[03:09:50] [Worker-Main-3/DEBUG] [REI] [START] Reloading Section: "end-reload/FluidComparatorRegistryImpl/" done in 6.415 μs
[03:09:50] [Worker-Main-3/DEBUG] [REI] [START] Reloading Section: "end-reload/DisplaySerializerRegistryImpl/"
[03:09:50] [Worker-Main-3/DEBUG] [REI] [START] Reloading Section: "end-reload/DisplaySerializerRegistryImpl/" done in 6.348 μs
[03:09:50] [Worker-Main-3/DEBUG] [REI] [START] Reloading Section: "end-reload/FluidSupportProviderImpl/"
[03:09:50] [Worker-Main-3/DEBUG] [REI] [START] Reloading Section: "end-reload/FluidSupportProviderImpl/" done in 6.381 μs
[03:09:50] [Worker-Main-3/DEBUG] [REI] [START] Reloading Section: "end-reload/" done in 715.2 μs
[03:09:50] [Worker-Main-3/DEBUG] [REI] [START] Reloading Section: "start-reload/"
[03:09:50] [Worker-Main-3/DEBUG] [REI] [START] Reloading Section: "start-reload/MenuInfoRegistryImpl/"
[03:09:50] [Worker-Main-3/DEBUG] [REI] [START] Reloading Section: "start-reload/MenuInfoRegistryImpl/" done in 7.780 μs
[03:09:50] [Worker-Main-3/DEBUG] [REI] [START] Reloading Section: "start-reload/" done in 95.16 μs
[03:09:50] [Worker-Main-3/INFO] [REI] Reloading Plugin Manager [REIServerPlugin] stage [START], registered 8 plugins: DefaultRuntimePlugin [roughlyenoughitems], AdornReiServer [adorn], DBServerPlugin [decorative_blocks], ImprovedStationsREIContainerInfo [improved-stations], ConjuringCommonPlugin [conjuring], REIServerIntegration [spectrum], FabricFluidAPISupportPlugin, DefaultPlugin [roughlyenoughitems]
[03:09:50] [Worker-Main-3/DEBUG] [REI] [START] Reloading Section: "reloadable-plugin/MenuInfoRegistryImpl/"
[03:09:50] [Worker-Main-3/DEBUG] [REI] [START] Reloading Section: "reloadable-plugin/MenuInfoRegistryImpl/DefaultPlugin [roughlyenoughitems]/"
[03:09:50] [Worker-Main-3/DEBUG] [REI] [START] Reloading Section: "reloadable-plugin/MenuInfoRegistryImpl/DefaultPlugin [roughlyenoughitems]/" done in 17.21 μs
[03:09:50] [Worker-Main-3/DEBUG] [REI] [START] Reloading Section: "reloadable-plugin/MenuInfoRegistryImpl/FabricFluidAPISupportPlugin/"
[03:09:50] [Worker-Main-3/DEBUG] [REI] [START] Reloading Section: "reloadable-plugin/MenuInfoRegistryImpl/FabricFluidAPISupportPlugin/" done in 12.19 μs
[03:09:50] [Worker-Main-3/DEBUG] [REI] [START] Reloading Section: "reloadable-plugin/MenuInfoRegistryImpl/REIServerIntegration [spectrum]/"
[03:09:50] [Worker-Main-3/DEBUG] [REI] [START] Reloading Section: "reloadable-plugin/MenuInfoRegistryImpl/REIServerIntegration [spectrum]/" done in 10.63 μs
[03:09:50] [Worker-Main-3/DEBUG] [REI] [START] Reloading Section: "reloadable-plugin/MenuInfoRegistryImpl/ConjuringCommonPlugin [conjuring]/"
[03:09:50] [Worker-Main-3/DEBUG] [REI] [START] Reloading Section: "reloadable-plugin/MenuInfoRegistryImpl/ConjuringCommonPlugin [conjuring]/" done in 10.56 μs
[03:09:50] [Worker-Main-3/DEBUG] [REI] [START] Reloading Section: "reloadable-plugin/MenuInfoRegistryImpl/ImprovedStationsREIContainerInfo [improved-stations]/"
[03:09:50] [Worker-Main-3/DEBUG] [REI] [START] Reloading Section: "reloadable-plugin/MenuInfoRegistryImpl/ImprovedStationsREIContainerInfo [improved-stations]/" done in 9.961 μs
[03:09:50] [Worker-Main-3/DEBUG] [REI] [START] Reloading Section: "reloadable-plugin/MenuInfoRegistryImpl/DBServerPlugin [decorative_blocks]/"
[03:09:50] [Worker-Main-3/DEBUG] [REI] [START] Reloading Section: "reloadable-plugin/MenuInfoRegistryImpl/DBServerPlugin [decorative_blocks]/" done in 9.476 μs
[03:09:50] [Worker-Main-3/DEBUG] [REI] [START] Reloading Section: "reloadable-plugin/MenuInfoRegistryImpl/AdornReiServer [adorn]/"
[03:09:50] [Worker-Main-3/DEBUG] [REI] [START] Reloading Section: "reloadable-plugin/MenuInfoRegistryImpl/AdornReiServer [adorn]/" done in 8.995 μs
[03:09:50] [Worker-Main-3/DEBUG] [REI] [START] Reloading Section: "reloadable-plugin/MenuInfoRegistryImpl/DefaultRuntimePlugin [roughlyenoughitems]/"
[03:09:50] [Worker-Main-3/DEBUG] [REI] [START] Reloading Section: "reloadable-plugin/MenuInfoRegistryImpl/DefaultRuntimePlugin [roughlyenoughitems]/" done in 9.769 μs
[03:09:50] [Worker-Main-3/DEBUG] [REI] [START] Reloading Section: "reloadable-plugin/MenuInfoRegistryImpl/" done in 1.035 ms
[03:09:50] [Worker-Main-3/DEBUG] [REI] [START] Reloading Section: "end-reload/"
[03:09:50] [Worker-Main-3/DEBUG] [REI] [START] Reloading Section: "end-reload/MenuInfoRegistryImpl/"
[03:09:50] [Worker-Main-3/DEBUG] [REI] [START] Reloading Section: "end-reload/MenuInfoRegistryImpl/" done in 9.411 μs
[03:09:50] [Worker-Main-3/DEBUG] [REI] [START] Reloading Section: "end-reload/" done in 97.27 μs
[03:09:50] [Worker-Main-3/DEBUG] [REI] [START] Reloading Section: "post-register/"
[03:09:50] [Worker-Main-3/DEBUG] [REI] [START] Reloading Section: "post-register/DefaultPlugin [roughlyenoughitems]/"
[03:09:50] [Worker-Main-3/DEBUG] [REI] [START] Reloading Section: "post-register/DefaultPlugin [roughlyenoughitems]/" done in 219.1 μs
[03:09:50] [Worker-Main-3/DEBUG] [REI] [START] Reloading Section: "post-register/FabricFluidAPISupportPlugin/"
[03:09:50] [Worker-Main-3/DEBUG] [REI] [START] Reloading Section: "post-register/FabricFluidAPISupportPlugin/" done in 35.57 μs
[03:09:50] [Worker-Main-3/DEBUG] [REI] [START] Reloading Section: "post-register/REIServerIntegration [spectrum]/"
[03:09:50] [Worker-Main-3/DEBUG] [REI] [START] Reloading Section: "post-register/REIServerIntegration [spectrum]/" done in 8.916 μs
[03:09:50] [Worker-Main-3/DEBUG] [REI] [START] Reloading Section: "post-register/ConjuringCommonPlugin [conjuring]/"
[03:09:50] [Worker-Main-3/DEBUG] [REI] [START] Reloading Section: "post-register/ConjuringCommonPlugin [conjuring]/" done in 7.937 μs
[03:09:50] [Worker-Main-3/DEBUG] [REI] [START] Reloading Section: "post-register/ImprovedStationsREIContainerInfo [improved-stations]/"
[03:09:50] [Worker-Main-3/DEBUG] [REI] [START] Reloading Section: "post-register/ImprovedStationsREIContainerInfo [improved-stations]/" done in 8.154 μs
[03:09:50] [Worker-Main-3/DEBUG] [REI] [START] Reloading Section: "post-register/DBServerPlugin [decorative_blocks]/"
[03:09:50] [Worker-Main-3/DEBUG] [REI] [START] Reloading Section: "post-register/DBServerPlugin [decorative_blocks]/" done in 7.955 μs
[03:09:50] [Worker-Main-3/DEBUG] [REI] [START] Reloading Section: "post-register/AdornReiServer [adorn]/"
[03:09:50] [Worker-Main-3/DEBUG] [REI] [START] Reloading Section: "post-register/AdornReiServer [adorn]/" done in 9.249 μs
[03:09:50] [Worker-Main-3/DEBUG] [REI] [START] Reloading Section: "post-register/DefaultRuntimePlugin [roughlyenoughitems]/"
[03:09:50] [Worker-Main-3/DEBUG] [REI] [START] Reloading Section: "post-register/DefaultRuntimePlugin [roughlyenoughitems]/" done in 7.613 μs
[03:09:50] [Worker-Main-3/DEBUG] [REI] [START] Reloading Section: "post-register/" done in 1.482 ms
[03:09:50] [Worker-Main-3/INFO] [REI] Reloaded Plugin Manager [REIPlugin] with 2 entry types, 5 item comparators, 0 fluid comparators and 2 fluid support providers in 45ms.
[03:09:50] [Worker-Main-3/DEBUG] [REI] [START] Reloading Section: "post-register/"
[03:09:50] [Worker-Main-3/DEBUG] [REI] [START] Reloading Section: "post-register/DefaultPlugin [roughlyenoughitems]/"
[03:09:50] [Worker-Main-3/DEBUG] [REI] [START] Reloading Section: "post-register/DefaultPlugin [roughlyenoughitems]/" done in 16.13 μs
[03:09:50] [Worker-Main-3/DEBUG] [REI] [START] Reloading Section: "post-register/FabricFluidAPISupportPlugin/"
[03:09:50] [Worker-Main-3/DEBUG] [REI] [START] Reloading Section: "post-register/FabricFluidAPISupportPlugin/" done in 8.877 μs
[03:09:50] [Worker-Main-3/DEBUG] [REI] [START] Reloading Section: "post-register/REIServerIntegration [spectrum]/"
[03:09:50] [Worker-Main-3/DEBUG] [REI] [START] Reloading Section: "post-register/REIServerIntegration [spectrum]/" done in 16.48 μs
[03:09:50] [Worker-Main-3/DEBUG] [REI] [START] Reloading Section: "post-register/ConjuringCommonPlugin [conjuring]/"
[03:09:50] [Worker-Main-3/DEBUG] [REI] [START] Reloading Section: "post-register/ConjuringCommonPlugin [conjuring]/" done in 8.714 μs
[03:09:50] [Worker-Main-3/DEBUG] [REI] [START] Reloading Section: "post-register/ImprovedStationsREIContainerInfo [improved-stations]/"
[03:09:50] [Worker-Main-3/DEBUG] [REI] [START] Reloading Section: "post-register/ImprovedStationsREIContainerInfo [improved-stations]/" done in 7.750 μs
[03:09:50] [Worker-Main-3/DEBUG] [REI] [START] Reloading Section: "post-register/DBServerPlugin [decorative_blocks]/"
[03:09:50] [Worker-Main-3/DEBUG] [REI] [START] Reloading Section: "post-register/DBServerPlugin [decorative_blocks]/" done in 7.493 μs
[03:09:50] [Worker-Main-3/DEBUG] [REI] [START] Reloading Section: "post-register/AdornReiServer [adorn]/"
[03:09:50] [Worker-Main-3/DEBUG] [REI] [START] Reloading Section: "post-register/AdornReiServer [adorn]/" done in 10.09 μs
[03:09:50] [Worker-Main-3/DEBUG] [REI] [START] Reloading Section: "post-register/DefaultRuntimePlugin [roughlyenoughitems]/"
[03:09:50] [Worker-Main-3/DEBUG] [REI] [START] Reloading Section: "post-register/DefaultRuntimePlugin [roughlyenoughitems]/" done in 10.69 μs
[03:09:50] [Worker-Main-3/DEBUG] [REI] [START] Reloading Section: "post-register/" done in 903.4 μs
[03:09:50] [Worker-Main-3/INFO] [REI] Reloaded Plugin Manager [REIServerPlugin] with 0 menu infos in 5ms.
[03:09:50] [Worker-Main-3/DEBUG] [REI] [END] Reloading Section: "pre-register/"
[03:09:50] [Worker-Main-3/DEBUG] [REI] [END] Reloading Section: "pre-register/DefaultPlugin [roughlyenoughitems]/"
[03:09:50] [Worker-Main-3/DEBUG] [REI] [END] Reloading Section: "pre-register/DefaultPlugin [roughlyenoughitems]/" done in 12.65 μs
[03:09:50] [Worker-Main-3/DEBUG] [REI] [END] Reloading Section: "pre-register/FabricFluidAPISupportPlugin/"
[03:09:50] [Worker-Main-3/DEBUG] [REI] [END] Reloading Section: "pre-register/FabricFluidAPISupportPlugin/" done in 9.081 μs
[03:09:50] [Worker-Main-3/DEBUG] [REI] [END] Reloading Section: "pre-register/REIServerIntegration [spectrum]/"
[03:09:50] [Worker-Main-3/DEBUG] [REI] [END] Reloading Section: "pre-register/REIServerIntegration [spectrum]/" done in 7.267 μs
[03:09:50] [Worker-Main-3/DEBUG] [REI] [END] Reloading Section: "pre-register/ConjuringCommonPlugin [conjuring]/"
[03:09:50] [Worker-Main-3/DEBUG] [REI] [END] Reloading Section: "pre-register/ConjuringCommonPlugin [conjuring]/" done in 6.413 μs
[03:09:50] [Worker-Main-3/DEBUG] [REI] [END] Reloading Section: "pre-register/ImprovedStationsREIContainerInfo [improved-stations]/"
[03:09:50] [Worker-Main-3/DEBUG] [REI] [END] Reloading Section: "pre-register/ImprovedStationsREIContainerInfo [improved-stations]/" done in 6.699 μs
[03:09:50] [Worker-Main-3/DEBUG] [REI] [END] Reloading Section: "pre-register/DBServerPlugin [decorative_blocks]/"
[03:09:50] [Worker-Main-3/DEBUG] [REI] [END] Reloading Section: "pre-register/DBServerPlugin [decorative_blocks]/" done in 6.638 μs
[03:09:50] [Worker-Main-3/DEBUG] [REI] [END] Reloading Section: "pre-register/AdornReiServer [adorn]/"
[03:09:50] [Worker-Main-3/DEBUG] [REI] [END] Reloading Section: "pre-register/AdornReiServer [adorn]/" done in 7.342 μs
[03:09:50] [Worker-Main-3/DEBUG] [REI] [END] Reloading Section: "pre-register/DefaultRuntimePlugin [roughlyenoughitems]/"
[03:09:50] [Worker-Main-3/DEBUG] [REI] [END] Reloading Section: "pre-register/DefaultRuntimePlugin [roughlyenoughitems]/" done in 7.919 μs
[03:09:50] [Worker-Main-3/DEBUG] [REI] [END] Reloading Section: "pre-register/" done in 850.3 μs
[03:09:50] [Worker-Main-3/DEBUG] [REI] [END] Reloading Section: "pre-register/"
[03:09:50] [Worker-Main-3/DEBUG] [REI] [END] Reloading Section: "pre-register/DefaultPlugin [roughlyenoughitems]/"
[03:09:50] [Worker-Main-3/DEBUG] [REI] [END] Reloading Section: "pre-register/DefaultPlugin [roughlyenoughitems]/" done in 8.552 μs
[03:09:50] [Worker-Main-3/DEBUG] [REI] [END] Reloading Section: "pre-register/FabricFluidAPISupportPlugin/"
[03:09:50] [Worker-Main-3/DEBUG] [REI] [END] Reloading Section: "pre-register/FabricFluidAPISupportPlugin/" done in 6.489 μs
[03:09:50] [Worker-Main-3/DEBUG] [REI] [END] Reloading Section: "pre-register/REIServerIntegration [spectrum]/"
[03:09:50] [Worker-Main-3/DEBUG] [REI] [END] Reloading Section: "pre-register/REIServerIntegration [spectrum]/" done in 7.410 μs
[03:09:50] [Worker-Main-3/DEBUG] [REI] [END] Reloading Section: "pre-register/ConjuringCommonPlugin [conjuring]/"
[03:09:50] [Worker-Main-3/DEBUG] [REI] [END] Reloading Section: "pre-register/ConjuringCommonPlugin [conjuring]/" done in 8.073 μs
[03:09:50] [Worker-Main-3/DEBUG] [REI] [END] Reloading Section: "pre-register/ImprovedStationsREIContainerInfo [improved-stations]/"
[03:09:50] [Worker-Main-3/DEBUG] [REI] [END] Reloading Section: "pre-register/ImprovedStationsREIContainerInfo [improved-stations]/" done in 7.117 μs
[03:09:50] [Worker-Main-3/DEBUG] [REI] [END] Reloading Section: "pre-register/DBServerPlugin [decorative_blocks]/"
[03:09:50] [Worker-Main-3/DEBUG] [REI] [END] Reloading Section: "pre-register/DBServerPlugin [decorative_blocks]/" done in 7.480 μs
[03:09:50] [Worker-Main-3/DEBUG] [REI] [END] Reloading Section: "pre-register/AdornReiServer [adorn]/"
[03:09:50] [Worker-Main-3/DEBUG] [REI] [END] Reloading Section: "pre-register/AdornReiServer [adorn]/" done in 8.947 μs
[03:09:50] [Worker-Main-3/DEBUG] [REI] [END] Reloading Section: "pre-register/DefaultRuntimePlugin [roughlyenoughitems]/"
[03:09:50] [Worker-Main-3/DEBUG] [REI] [END] Reloading Section: "pre-register/DefaultRuntimePlugin [roughlyenoughitems]/" done in 7.309 μs
[03:09:50] [Worker-Main-3/DEBUG] [REI] [END] Reloading Section: "pre-register/" done in 787.9 μs
[03:09:50] [Worker-Main-3/DEBUG] [REI] [END] Reloading Section: "start-reload/"
[03:09:50] [Worker-Main-3/DEBUG] [REI] [END] Reloading Section: "start-reload/EntryTypeRegistryImpl/"
[03:09:50] [Worker-Main-3/DEBUG] [REI] [END] Reloading Section: "start-reload/EntryTypeRegistryImpl/" done in 8.087 μs
[03:09:50] [Worker-Main-3/DEBUG] [REI] [END] Reloading Section: "start-reload/EntrySettingsAdapterRegistryImpl/"
[03:09:50] [Worker-Main-3/DEBUG] [REI] [END] Reloading Section: "start-reload/EntrySettingsAdapterRegistryImpl/" done in 36.63 μs
[03:09:50] [Worker-Main-3/DEBUG] [REI] [END] Reloading Section: "start-reload/RecipeManagerContextImpl/"
[03:09:50] [Worker-Main-3/DEBUG] [REI] [END] Reloading Section: "start-reload/RecipeManagerContextImpl/" done in 7.315 μs
[03:09:50] [Worker-Main-3/DEBUG] [REI] [END] Reloading Section: "start-reload/ItemComparatorRegistryImpl/"
[03:09:50] [Worker-Main-3/DEBUG] [REI] [END] Reloading Section: "start-reload/ItemComparatorRegistryImpl/" done in 6.498 μs
[03:09:50] [Worker-Main-3/DEBUG] [REI] [END] Reloading Section: "start-reload/FluidComparatorRegistryImpl/"
[03:09:50] [Worker-Main-3/DEBUG] [REI] [END] Reloading Section: "start-reload/FluidComparatorRegistryImpl/" done in 6.597 μs
[03:09:50] [Worker-Main-3/DEBUG] [REI] [END] Reloading Section: "start-reload/DisplaySerializerRegistryImpl/"
[03:09:50] [Worker-Main-3/DEBUG] [REI] [END] Reloading Section: "start-reload/DisplaySerializerRegistryImpl/" done in 21.39 μs
[03:09:50] [Worker-Main-3/DEBUG] [REI] [END] Reloading Section: "start-reload/FluidSupportProviderImpl/"
[03:09:50] [Worker-Main-3/DEBUG] [REI] [END] Reloading Section: "start-reload/FluidSupportProviderImpl/" done in 7.022 μs
[03:09:50] [Worker-Main-3/DEBUG] [REI] [END] Reloading Section: "start-reload/" done in 758.7 μs
[03:09:50] [Worker-Main-3/INFO] [REI] Reloading Plugin Manager [REIPlugin] stage [END], registered 8 plugins: DefaultRuntimePlugin [roughlyenoughitems], AdornReiServer [adorn], DBServerPlugin [decorative_blocks], ImprovedStationsREIContainerInfo [improved-stations], ConjuringCommonPlugin [conjuring], REIServerIntegration [spectrum], FabricFluidAPISupportPlugin, DefaultPlugin [roughlyenoughitems]
[03:09:50] [Worker-Main-3/DEBUG] [REI] [END] Reloading Section: "reloadable-plugin/EntryTypeRegistryImpl/"
[03:09:50] [Worker-Main-3/DEBUG] [REI] [END] Reloading Section: "reloadable-plugin/EntryTypeRegistryImpl/DefaultPlugin [roughlyenoughitems]/"
[03:09:50] [Worker-Main-3/DEBUG] [REI] [END] Reloading Section: "reloadable-plugin/EntryTypeRegistryImpl/DefaultPlugin [roughlyenoughitems]/" done in 17.04 μs
[03:09:50] [Worker-Main-3/DEBUG] [REI] [END] Reloading Section: "reloadable-plugin/EntryTypeRegistryImpl/FabricFluidAPISupportPlugin/"
[03:09:50] [Worker-Main-3/DEBUG] [REI] [END] Reloading Section: "reloadable-plugin/EntryTypeRegistryImpl/FabricFluidAPISupportPlugin/" done in 13.16 μs
[03:09:50] [Worker-Main-3/DEBUG] [REI] [END] Reloading Section: "reloadable-plugin/EntryTypeRegistryImpl/REIServerIntegration [spectrum]/"
[03:09:50] [Worker-Main-3/DEBUG] [REI] [END] Reloading Section: "reloadable-plugin/EntryTypeRegistryImpl/REIServerIntegration [spectrum]/" done in 9.516 μs
[03:09:50] [Worker-Main-3/DEBUG] [REI] [END] Reloading Section: "reloadable-plugin/EntryTypeRegistryImpl/ConjuringCommonPlugin [conjuring]/"
[03:09:50] [Worker-Main-3/DEBUG] [REI] [END] Reloading Section: "reloadable-plugin/EntryTypeRegistryImpl/ConjuringCommonPlugin [conjuring]/" done in 9.425 μs
[03:09:50] [Worker-Main-3/DEBUG] [REI] [END] Reloading Section: "reloadable-plugin/EntryTypeRegistryImpl/ImprovedStationsREIContainerInfo [improved-stations]/"
[03:09:50] [Worker-Main-3/DEBUG] [REI] [END] Reloading Section: "reloadable-plugin/EntryTypeRegistryImpl/ImprovedStationsREIContainerInfo [improved-stations]/" done in 8.992 μs
[03:09:50] [Worker-Main-3/DEBUG] [REI] [END] Reloading Section: "reloadable-plugin/EntryTypeRegistryImpl/DBServerPlugin [decorative_blocks]/"
[03:09:50] [Worker-Main-3/DEBUG] [REI] [END] Reloading Section: "reloadable-plugin/EntryTypeRegistryImpl/DBServerPlugin [decorative_blocks]/" done in 9.530 μs
[03:09:50] [Worker-Main-3/DEBUG] [REI] [END] Reloading Section: "reloadable-plugin/EntryTypeRegistryImpl/AdornReiServer [adorn]/"
[03:09:50] [Worker-Main-3/DEBUG] [REI] [END] Reloading Section: "reloadable-plugin/EntryTypeRegistryImpl/AdornReiServer [adorn]/" done in 9.486 μs
[03:09:50] [Worker-Main-3/DEBUG] [REI] [END] Reloading Section: "reloadable-plugin/EntryTypeRegistryImpl/DefaultRuntimePlugin [roughlyenoughitems]/"
[03:09:50] [Worker-Main-3/DEBUG] [REI] [END] Reloading Section: "reloadable-plugin/EntryTypeRegistryImpl/DefaultRuntimePlugin [roughlyenoughitems]/" done in 8.790 μs
[03:09:50] [Worker-Main-3/DEBUG] [REI] [END] Reloading Section: "reloadable-plugin/EntryTypeRegistryImpl/" done in 909.7 μs
[03:09:50] [Worker-Main-3/DEBUG] [REI] [END] Reloading Section: "reloadable-plugin/EntrySettingsAdapterRegistryImpl/"
[03:09:50] [Worker-Main-3/DEBUG] [REI] [END] Reloading Section: "reloadable-plugin/EntrySettingsAdapterRegistryImpl/DefaultPlugin [roughlyenoughitems]/"
[03:09:50] [Worker-Main-3/DEBUG] [REI] [END] Reloading Section: "reloadable-plugin/EntrySettingsAdapterRegistryImpl/DefaultPlugin [roughlyenoughitems]/" done in 19.36 μs
[03:09:50] [Worker-Main-3/DEBUG] [REI] [END] Reloading Section: "reloadable-plugin/EntrySettingsAdapterRegistryImpl/FabricFluidAPISupportPlugin/"
[03:09:50] [Worker-Main-3/DEBUG] [REI] [END] Reloading Section: "reloadable-plugin/EntrySettingsAdapterRegistryImpl/FabricFluidAPISupportPlugin/" done in 9.691 μs
[03:09:50] [Worker-Main-3/DEBUG] [REI] [END] Reloading Section: "reloadable-plugin/EntrySettingsAdapterRegistryImpl/REIServerIntegration [spectrum]/"
[03:09:50] [Worker-Main-3/DEBUG] [REI] [END] Reloading Section: "reloadable-plugin/EntrySettingsAdapterRegistryImpl/REIServerIntegration [spectrum]/" done in 10.25 μs
[03:09:50] [Worker-Main-3/DEBUG] [REI] [END] Reloading Section: "reloadable-plugin/EntrySettingsAdapterRegistryImpl/ConjuringCommonPlugin [conjuring]/"
[03:09:50] [Worker-Main-3/DEBUG] [REI] [END] Reloading Section: "reloadable-plugin/EntrySettingsAdapterRegistryImpl/ConjuringCommonPlugin [conjuring]/" done in 10.49 μs
[03:09:50] [Worker-Main-3/DEBUG] [REI] [END] Reloading Section: "reloadable-plugin/EntrySettingsAdapterRegistryImpl/ImprovedStationsREIContainerInfo [improved-stations]/"
[03:09:50] [Worker-Main-3/DEBUG] [REI] [END] Reloading Section: "reloadable-plugin/EntrySettingsAdapterRegistryImpl/ImprovedStationsREIContainerInfo [improved-stations]/" done in 9.770 μs
[03:09:50] [Worker-Main-3/DEBUG] [REI] [END] Reloading Section: "reloadable-plugin/EntrySettingsAdapterRegistryImpl/DBServerPlugin [decorative_blocks]/"
[03:09:50] [Worker-Main-3/DEBUG] [REI] [END] Reloading Section: "reloadable-plugin/EntrySettingsAdapterRegistryImpl/DBServerPlugin [decorative_blocks]/" done in 9.341 μs
[03:09:50] [Worker-Main-3/DEBUG] [REI] [END] Reloading Section: "reloadable-plugin/EntrySettingsAdapterRegistryImpl/AdornReiServer [adorn]/"
[03:09:50] [Worker-Main-3/DEBUG] [REI] [END] Reloading Section: "reloadable-plugin/EntrySettingsAdapterRegistryImpl/AdornReiServer [adorn]/" done in 12.49 μs
[03:09:50] [Worker-Main-3/DEBUG] [REI] [END] Reloading Section: "reloadable-plugin/EntrySettingsAdapterRegistryImpl/DefaultRuntimePlugin [roughlyenoughitems]/"
[03:09:50] [Worker-Main-3/DEBUG] [REI] [END] Reloading Section: "reloadable-plugin/EntrySettingsAdapterRegistryImpl/DefaultRuntimePlugin [roughlyenoughitems]/" done in 12.51 μs
[03:09:50] [Worker-Main-3/DEBUG] [REI] [END] Reloading Section: "reloadable-plugin/EntrySettingsAdapterRegistryImpl/" done in 779.3 μs
[03:09:50] [Worker-Main-3/DEBUG] [REI] [END] Reloading Section: "reloadable-plugin/RecipeManagerContextImpl/"
[03:09:50] [Worker-Main-3/DEBUG] [REI] [END] Reloading Section: "reloadable-plugin/RecipeManagerContextImpl/DefaultPlugin [roughlyenoughitems]/"
[03:09:50] [Worker-Main-3/DEBUG] [REI] [END] Reloading Section: "reloadable-plugin/RecipeManagerContextImpl/DefaultPlugin [roughlyenoughitems]/" done in 9.377 μs
[03:09:50] [Worker-Main-3/DEBUG] [REI] [END] Reloading Section: "reloadable-plugin/RecipeManagerContextImpl/FabricFluidAPISupportPlugin/"
[03:09:50] [Worker-Main-3/DEBUG] [REI] [END] Reloading Section: "reloadable-plugin/RecipeManagerContextImpl/FabricFluidAPISupportPlugin/" done in 8.925 μs
[03:09:50] [Worker-Main-3/DEBUG] [REI] [END] Reloading Section: "reloadable-plugin/RecipeManagerContextImpl/REIServerIntegration [spectrum]/"
[03:09:50] [Worker-Main-3/DEBUG] [REI] [END] Reloading Section: "reloadable-plugin/RecipeManagerContextImpl/REIServerIntegration [spectrum]/" done in 8.840 μs
[03:09:50] [Worker-Main-3/DEBUG] [REI] [END] Reloading Section: "reloadable-plugin/RecipeManagerContextImpl/ConjuringCommonPlugin [conjuring]/"
[03:09:50] [Worker-Main-3/DEBUG] [REI] [END] Reloading Section: "reloadable-plugin/RecipeManagerContextImpl/ConjuringCommonPlugin [conjuring]/" done in 9.313 μs
[03:09:50] [Worker-Main-3/DEBUG] [REI] [END] Reloading Section: "reloadable-plugin/RecipeManagerContextImpl/ImprovedStationsREIContainerInfo [improved-stations]/"
[03:09:50] [Worker-Main-3/DEBUG] [REI] [END] Reloading Section: "reloadable-plugin/RecipeManagerContextImpl/ImprovedStationsREIContainerInfo [improved-stations]/" done in 9.535 μs
[03:09:50] [Worker-Main-3/DEBUG] [REI] [END] Reloading Section: "reloadable-plugin/RecipeManagerContextImpl/DBServerPlugin [decorative_blocks]/"
[03:09:50] [Worker-Main-3/DEBUG] [REI] [END] Reloading Section: "reloadable-plugin/RecipeManagerContextImpl/DBServerPlugin [decorative_blocks]/" done in 9.073 μs
[03:09:50] [Worker-Main-3/DEBUG] [REI] [END] Reloading Section: "reloadable-plugin/RecipeManagerContextImpl/AdornReiServer [adorn]/"
[03:09:50] [Worker-Main-3/DEBUG] [REI] [END] Reloading Section: "reloadable-plugin/RecipeManagerContextImpl/AdornReiServer [adorn]/" done in 9.427 μs
[03:09:50] [Worker-Main-3/DEBUG] [REI] [END] Reloading Section: "reloadable-plugin/RecipeManagerContextImpl/DefaultRuntimePlugin [roughlyenoughitems]/"
[03:09:50] [Worker-Main-3/DEBUG] [REI] [END] Reloading Section: "reloadable-plugin/RecipeManagerContextImpl/DefaultRuntimePlugin [roughlyenoughitems]/" done in 8.999 μs
[03:09:50] [Worker-Main-3/DEBUG] [REI] [END] Reloading Section: "reloadable-plugin/RecipeManagerContextImpl/" done in 767.8 μs
[03:09:50] [Worker-Main-3/DEBUG] [REI] [END] Reloading Section: "reloadable-plugin/ItemComparatorRegistryImpl/"
[03:09:50] [Worker-Main-3/DEBUG] [REI] [END] Reloading Section: "reloadable-plugin/ItemComparatorRegistryImpl/DefaultPlugin [roughlyenoughitems]/"
[03:09:50] [Worker-Main-3/DEBUG] [REI] [END] Reloading Section: "reloadable-plugin/ItemComparatorRegistryImpl/DefaultPlugin [roughlyenoughitems]/" done in 9.081 μs
[03:09:50] [Worker-Main-3/DEBUG] [REI] [END] Reloading Section: "reloadable-plugin/ItemComparatorRegistryImpl/FabricFluidAPISupportPlugin/"
[03:09:50] [Worker-Main-3/DEBUG] [REI] [END] Reloading Section: "reloadable-plugin/ItemComparatorRegistryImpl/FabricFluidAPISupportPlugin/" done in 9.621 μs
[03:09:50] [Worker-Main-3/DEBUG] [REI] [END] Reloading Section: "reloadable-plugin/ItemComparatorRegistryImpl/REIServerIntegration [spectrum]/"
[03:09:50] [Worker-Main-3/DEBUG] [REI] [END] Reloading Section: "reloadable-plugin/ItemComparatorRegistryImpl/REIServerIntegration [spectrum]/" done in 9.053 μs
[03:09:50] [Worker-Main-3/DEBUG] [REI] [END] Reloading Section: "reloadable-plugin/ItemComparatorRegistryImpl/ConjuringCommonPlugin [conjuring]/"
[03:09:50] [Worker-Main-3/DEBUG] [REI] [END] Reloading Section: "reloadable-plugin/ItemComparatorRegistryImpl/ConjuringCommonPlugin [conjuring]/" done in 8.878 μs
[03:09:50] [Worker-Main-3/DEBUG] [REI] [END] Reloading Section: "reloadable-plugin/ItemComparatorRegistryImpl/ImprovedStationsREIContainerInfo [improved-stations]/"
[03:09:50] [Worker-Main-3/DEBUG] [REI] [END] Reloading Section: "reloadable-plugin/ItemComparatorRegistryImpl/ImprovedStationsREIContainerInfo [improved-stations]/" done in 8.439 μs
[03:09:50] [Worker-Main-3/DEBUG] [REI] [END] Reloading Section: "reloadable-plugin/ItemComparatorRegistryImpl/DBServerPlugin [decorative_blocks]/"
[03:09:50] [Worker-Main-3/DEBUG] [REI] [END] Reloading Section: "reloadable-plugin/ItemComparatorRegistryImpl/DBServerPlugin [decorative_blocks]/" done in 8.698 μs
[03:09:50] [Worker-Main-3/DEBUG] [REI] [END] Reloading Section: "reloadable-plugin/ItemComparatorRegistryImpl/AdornReiServer [adorn]/"
[03:09:50] [Worker-Main-3/DEBUG] [REI] [END] Reloading Section: "reloadable-plugin/ItemComparatorRegistryImpl/AdornReiServer [adorn]/" done in 10.06 μs
[03:09:50] [Worker-Main-3/DEBUG] [REI] [END] Reloading Section: "reloadable-plugin/ItemComparatorRegistryImpl/DefaultRuntimePlugin [roughlyenoughitems]/"
[03:09:50] [Worker-Main-3/DEBUG] [REI] [END] Reloading Section: "reloadable-plugin/ItemComparatorRegistryImpl/DefaultRuntimePlugin [roughlyenoughitems]/" done in 9.090 μs
[03:09:50] [Worker-Main-3/DEBUG] [REI] [END] Reloading Section: "reloadable-plugin/ItemComparatorRegistryImpl/" done in 737.6 μs
[03:09:50] [Worker-Main-3/DEBUG] [REI] [END] Reloading Section: "reloadable-plugin/FluidComparatorRegistryImpl/"
[03:09:50] [Worker-Main-3/DEBUG] [REI] [END] Reloading Section: "reloadable-plugin/FluidComparatorRegistryImpl/DefaultPlugin [roughlyenoughitems]/"
[03:09:50] [Worker-Main-3/DEBUG] [REI] [END] Reloading Section: "reloadable-plugin/FluidComparatorRegistryImpl/DefaultPlugin [roughlyenoughitems]/" done in 8.413 μs
[03:09:50] [Worker-Main-3/DEBUG] [REI] [END] Reloading Section: "reloadable-plugin/FluidComparatorRegistryImpl/FabricFluidAPISupportPlugin/"
[03:09:50] [Worker-Main-3/DEBUG] [REI] [END] Reloading Section: "reloadable-plugin/FluidComparatorRegistryImpl/FabricFluidAPISupportPlugin/" done in 8.597 μs
[03:09:50] [Worker-Main-3/DEBUG] [REI] [END] Reloading Section: "reloadable-plugin/FluidComparatorRegistryImpl/REIServerIntegration [spectrum]/"
[03:09:50] [Worker-Main-3/DEBUG] [REI] [END] Reloading Section: "reloadable-plugin/FluidComparatorRegistryImpl/REIServerIntegration [spectrum]/" done in 8.964 μs
[03:09:50] [Worker-Main-3/DEBUG] [REI] [END] Reloading Section: "reloadable-plugin/FluidComparatorRegistryImpl/ConjuringCommonPlugin [conjuring]/"
[03:09:50] [Worker-Main-3/DEBUG] [REI] [END] Reloading Section: "reloadable-plugin/FluidComparatorRegistryImpl/ConjuringCommonPlugin [conjuring]/" done in 10.43 μs
[03:09:50] [Worker-Main-3/DEBUG] [REI] [END] Reloading Section: "reloadable-plugin/FluidComparatorRegistryImpl/ImprovedStationsREIContainerInfo [improved-stations]/"
[03:09:50] [Worker-Main-3/DEBUG] [REI] [END] Reloading Section: "reloadable-plugin/FluidComparatorRegistryImpl/ImprovedStationsREIContainerInfo [improved-stations]/" done in 9.358 μs
[03:09:50] [Worker-Main-3/DEBUG] [REI] [END] Reloading Section: "reloadable-plugin/FluidComparatorRegistryImpl/DBServerPlugin [decorative_blocks]/"
[03:09:50] [Worker-Main-3/DEBUG] [REI] [END] Reloading Section: "reloadable-plugin/FluidComparatorRegistryImpl/DBServerPlugin [decorative_blocks]/" done in 9.538 μs
[03:09:50] [Worker-Main-3/DEBUG] [REI] [END] Reloading Section: "reloadable-plugin/FluidComparatorRegistryImpl/AdornReiServer [adorn]/"
[03:09:50] [Worker-Main-3/DEBUG] [REI] [END] Reloading Section: "reloadable-plugin/FluidComparatorRegistryImpl/AdornReiServer [adorn]/" done in 9.428 μs
[03:09:50] [Worker-Main-3/DEBUG] [REI] [END] Reloading Section: "reloadable-plugin/FluidComparatorRegistryImpl/DefaultRuntimePlugin [roughlyenoughitems]/"
[03:09:50] [Worker-Main-3/DEBUG] [REI] [END] Reloading Section: "reloadable-plugin/FluidComparatorRegistryImpl/DefaultRuntimePlugin [roughlyenoughitems]/" done in 9.092 μs
[03:09:50] [Worker-Main-3/DEBUG] [REI] [END] Reloading Section: "reloadable-plugin/FluidComparatorRegistryImpl/" done in 7.194 ms
[03:09:50] [Worker-Main-3/DEBUG] [REI] [END] Reloading Section: "reloadable-plugin/DisplaySerializerRegistryImpl/"
[03:09:50] [Worker-Main-3/DEBUG] [REI] [END] Reloading Section: "reloadable-plugin/DisplaySerializerRegistryImpl/DefaultPlugin [roughlyenoughitems]/"
[03:09:50] [Worker-Main-3/DEBUG] [REI] [END] Reloading Section: "reloadable-plugin/DisplaySerializerRegistryImpl/DefaultPlugin [roughlyenoughitems]/" done in 28.34 ms
[03:09:50] [Worker-Main-3/DEBUG] [REI] [END] Reloading Section: "reloadable-plugin/DisplaySerializerRegistryImpl/FabricFluidAPISupportPlugin/"
[03:09:50] [Worker-Main-3/DEBUG] [REI] [END] Reloading Section: "reloadable-plugin/DisplaySerializerRegistryImpl/FabricFluidAPISupportPlugin/" done in 21.04 μs
[03:09:50] [Worker-Main-3/DEBUG] [REI] [END] Reloading Section: "reloadable-plugin/DisplaySerializerRegistryImpl/REIServerIntegration [spectrum]/"
[03:09:50] [Worker-Main-3/DEBUG] [REI] [END] Reloading Section: "reloadable-plugin/DisplaySerializerRegistryImpl/REIServerIntegration [spectrum]/" done in 1.993 ms
[03:09:50] [Worker-Main-3/DEBUG] [REI] [END] Reloading Section: "reloadable-plugin/DisplaySerializerRegistryImpl/ConjuringCommonPlugin [conjuring]/"
[03:09:50] [Worker-Main-3/DEBUG] [REI] [END] Reloading Section: "reloadable-plugin/DisplaySerializerRegistryImpl/ConjuringCommonPlugin [conjuring]/" done in 444.6 μs
[03:09:50] [Worker-Main-3/DEBUG] [REI] [END] Reloading Section: "reloadable-plugin/DisplaySerializerRegistryImpl/ImprovedStationsREIContainerInfo [improved-stations]/"
[03:09:50] [Worker-Main-3/DEBUG] [REI] [END] Reloading Section: "reloadable-plugin/DisplaySerializerRegistryImpl/ImprovedStationsREIContainerInfo [improved-stations]/" done in 12.27 μs
[03:09:50] [Worker-Main-3/DEBUG] [REI] [END] Reloading Section: "reloadable-plugin/DisplaySerializerRegistryImpl/DBServerPlugin [decorative_blocks]/"
[03:09:50] [Worker-Main-3/DEBUG] [REI] [END] Reloading Section: "reloadable-plugin/DisplaySerializerRegistryImpl/DBServerPlugin [decorative_blocks]/" done in 10.24 μs
[03:09:50] [Worker-Main-3/DEBUG] [REI] [END] Reloading Section: "reloadable-plugin/DisplaySerializerRegistryImpl/AdornReiServer [adorn]/"
[03:09:50] [Worker-Main-3/DEBUG] [REI] [END] Reloading Section: "reloadable-plugin/DisplaySerializerRegistryImpl/AdornReiServer [adorn]/" done in 407.7 μs
[03:09:50] [Worker-Main-3/DEBUG] [REI] [END] Reloading Section: "reloadable-plugin/DisplaySerializerRegistryImpl/DefaultRuntimePlugin [roughlyenoughitems]/"
[03:09:50] [Worker-Main-3/DEBUG] [REI] [END] Reloading Section: "reloadable-plugin/DisplaySerializerRegistryImpl/DefaultRuntimePlugin [roughlyenoughitems]/" done in 12.27 μs
[03:09:50] [Worker-Main-3/DEBUG] [REI] [END] Reloading Section: "reloadable-plugin/DisplaySerializerRegistryImpl/" done in 32.29 ms
[03:09:50] [Worker-Main-3/DEBUG] [REI] [END] Reloading Section: "reloadable-plugin/FluidSupportProviderImpl/"
[03:09:50] [Worker-Main-3/DEBUG] [REI] [END] Reloading Section: "reloadable-plugin/FluidSupportProviderImpl/DefaultPlugin [roughlyenoughitems]/"
[03:09:50] [Worker-Main-3/DEBUG] [REI] [END] Reloading Section: "reloadable-plugin/FluidSupportProviderImpl/DefaultPlugin [roughlyenoughitems]/" done in 10.07 μs
[03:09:50] [Worker-Main-3/DEBUG] [REI] [END] Reloading Section: "reloadable-plugin/FluidSupportProviderImpl/FabricFluidAPISupportPlugin/"
[03:09:50] [Worker-Main-3/DEBUG] [REI] [END] Reloading Section: "reloadable-plugin/FluidSupportProviderImpl/FabricFluidAPISupportPlugin/" done in 9.919 μs
[03:09:50] [Worker-Main-3/DEBUG] [REI] [END] Reloading Section: "reloadable-plugin/FluidSupportProviderImpl/REIServerIntegration [spectrum]/"
[03:09:50] [Worker-Main-3/DEBUG] [REI] [END] Reloading Section: "reloadable-plugin/FluidSupportProviderImpl/REIServerIntegration [spectrum]/" done in 6.573 μs
[03:09:50] [Worker-Main-3/DEBUG] [REI] [END] Reloading Section: "reloadable-plugin/FluidSupportProviderImpl/ConjuringCommonPlugin [conjuring]/"
[03:09:50] [Worker-Main-3/DEBUG] [REI] [END] Reloading Section: "reloadable-plugin/FluidSupportProviderImpl/ConjuringCommonPlugin [conjuring]/" done in 6.172 μs
[03:09:50] [Worker-Main-3/DEBUG] [REI] [END] Reloading Section: "reloadable-plugin/FluidSupportProviderImpl/ImprovedStationsREIContainerInfo [improved-stations]/"
[03:09:50] [Worker-Main-3/DEBUG] [REI] [END] Reloading Section: "reloadable-plugin/FluidSupportProviderImpl/ImprovedStationsREIContainerInfo [improved-stations]/" done in 6.043 μs
[03:09:50] [Worker-Main-3/DEBUG] [REI] [END] Reloading Section: "reloadable-plugin/FluidSupportProviderImpl/DBServerPlugin [decorative_blocks]/"
[03:09:50] [Worker-Main-3/DEBUG] [REI] [END] Reloading Section: "reloadable-plugin/FluidSupportProviderImpl/DBServerPlugin [decorative_blocks]/" done in 6.091 μs
[03:09:50] [Worker-Main-3/DEBUG] [REI] [END] Reloading Section: "reloadable-plugin/FluidSupportProviderImpl/AdornReiServer [adorn]/"
[03:09:50] [Worker-Main-3/DEBUG] [REI] [END] Reloading Section: "reloadable-plugin/FluidSupportProviderImpl/AdornReiServer [adorn]/" done in 6.846 μs
[03:09:50] [Worker-Main-3/DEBUG] [REI] [END] Reloading Section: "reloadable-plugin/FluidSupportProviderImpl/DefaultRuntimePlugin [roughlyenoughitems]/"
[03:09:50] [Worker-Main-3/DEBUG] [REI] [END] Reloading Section: "reloadable-plugin/FluidSupportProviderImpl/DefaultRuntimePlugin [roughlyenoughitems]/" done in 6.053 μs
[03:09:50] [Worker-Main-3/DEBUG] [REI] [END] Reloading Section: "reloadable-plugin/FluidSupportProviderImpl/" done in 528.7 μs
[03:09:50] [Worker-Main-3/DEBUG] [REI] [END] Reloading Section: "end-reload/"
[03:09:50] [Worker-Main-3/DEBUG] [REI] [END] Reloading Section: "end-reload/EntryTypeRegistryImpl/"
[03:09:50] [Worker-Main-3/DEBUG] [REI] [END] Reloading Section: "end-reload/EntryTypeRegistryImpl/" done in 3.699 μs
[03:09:50] [Worker-Main-3/DEBUG] [REI] [END] Reloading Section: "end-reload/EntrySettingsAdapterRegistryImpl/"
[03:09:50] [Worker-Main-3/DEBUG] [REI] [END] Reloading Section: "end-reload/EntrySettingsAdapterRegistryImpl/" done in 3.418 μs
[03:09:50] [Worker-Main-3/DEBUG] [REI] [END] Reloading Section: "end-reload/RecipeManagerContextImpl/"
[03:09:50] [Worker-Main-3/DEBUG] [REI] [END] Reloading Section: "end-reload/RecipeManagerContextImpl/" done in 3.469 μs
[03:09:50] [Worker-Main-3/DEBUG] [REI] [END] Reloading Section: "end-reload/ItemComparatorRegistryImpl/"
[03:09:50] [Worker-Main-3/DEBUG] [REI] [END] Reloading Section: "end-reload/ItemComparatorRegistryImpl/" done in 12.84 μs
[03:09:50] [Worker-Main-3/DEBUG] [REI] [END] Reloading Section: "end-reload/FluidComparatorRegistryImpl/"
[03:09:50] [Worker-Main-3/DEBUG] [REI] [END] Reloading Section: "end-reload/FluidComparatorRegistryImpl/" done in 3.594 μs
[03:09:50] [Worker-Main-3/DEBUG] [REI] [END] Reloading Section: "end-reload/DisplaySerializerRegistryImpl/"
[03:09:50] [Worker-Main-3/DEBUG] [REI] [END] Reloading Section: "end-reload/DisplaySerializerRegistryImpl/" done in 3.226 μs
[03:09:50] [Worker-Main-3/DEBUG] [REI] [END] Reloading Section: "end-reload/FluidSupportProviderImpl/"
[03:09:50] [Worker-Main-3/DEBUG] [REI] [END] Reloading Section: "end-reload/FluidSupportProviderImpl/" done in 3.254 μs
[03:09:50] [Worker-Main-3/DEBUG] [REI] [END] Reloading Section: "end-reload/" done in 391.3 μs
[03:09:50] [Worker-Main-3/DEBUG] [REI] [END] Reloading Section: "start-reload/"
[03:09:50] [Worker-Main-3/DEBUG] [REI] [END] Reloading Section: "start-reload/MenuInfoRegistryImpl/"
[03:09:50] [Worker-Main-3/DEBUG] [REI] [END] Reloading Section: "start-reload/MenuInfoRegistryImpl/" done in 9.430 μs
[03:09:50] [Worker-Main-3/DEBUG] [REI] [END] Reloading Section: "start-reload/" done in 58.34 μs
[03:09:50] [Worker-Main-3/INFO] [REI] Reloading Plugin Manager [REIServerPlugin] stage [END], registered 8 plugins: DefaultRuntimePlugin [roughlyenoughitems], AdornReiServer [adorn], DBServerPlugin [decorative_blocks], ImprovedStationsREIContainerInfo [improved-stations], ConjuringCommonPlugin [conjuring], REIServerIntegration [spectrum], FabricFluidAPISupportPlugin, DefaultPlugin [roughlyenoughitems]
[03:09:50] [Worker-Main-3/DEBUG] [REI] [END] Reloading Section: "reloadable-plugin/MenuInfoRegistryImpl/"
[03:09:50] [Worker-Main-3/DEBUG] [REI] [END] Reloading Section: "reloadable-plugin/MenuInfoRegistryImpl/DefaultPlugin [roughlyenoughitems]/"
[03:09:50] [Worker-Main-3/DEBUG] [REI] [END] Reloading Section: "reloadable-plugin/MenuInfoRegistryImpl/DefaultPlugin [roughlyenoughitems]/" done in 7.341 ms
[03:09:50] [Worker-Main-3/DEBUG] [REI] [END] Reloading Section: "reloadable-plugin/MenuInfoRegistryImpl/FabricFluidAPISupportPlugin/"
[03:09:50] [Worker-Main-3/DEBUG] [REI] [END] Reloading Section: "reloadable-plugin/MenuInfoRegistryImpl/FabricFluidAPISupportPlugin/" done in 21.94 μs
[03:09:50] [Worker-Main-3/DEBUG] [REI] [END] Reloading Section: "reloadable-plugin/MenuInfoRegistryImpl/REIServerIntegration [spectrum]/"
[03:09:50] [Worker-Main-3/DEBUG] [REI] [END] Reloading Section: "reloadable-plugin/MenuInfoRegistryImpl/REIServerIntegration [spectrum]/" done in 451.6 μs
[03:09:50] [Worker-Main-3/DEBUG] [REI] [END] Reloading Section: "reloadable-plugin/MenuInfoRegistryImpl/ConjuringCommonPlugin [conjuring]/"
[03:09:50] [Worker-Main-3/DEBUG] [REI] [END] Reloading Section: "reloadable-plugin/MenuInfoRegistryImpl/ConjuringCommonPlugin [conjuring]/" done in 1.287 ms
[03:09:50] [Worker-Main-3/DEBUG] [REI] [END] Reloading Section: "reloadable-plugin/MenuInfoRegistryImpl/ImprovedStationsREIContainerInfo [improved-stations]/"
[03:09:50] [Worker-Main-3/DEBUG] [REI] [END] Reloading Section: "reloadable-plugin/MenuInfoRegistryImpl/ImprovedStationsREIContainerInfo [improved-stations]/" done in 1.492 ms
[03:09:50] [Worker-Main-3/DEBUG] [REI] [END] Reloading Section: "reloadable-plugin/MenuInfoRegistryImpl/DBServerPlugin [decorative_blocks]/"
[03:09:50] [Worker-Main-3/DEBUG] [REI] [END] Reloading Section: "reloadable-plugin/MenuInfoRegistryImpl/DBServerPlugin [decorative_blocks]/" done in 20.41 μs
[03:09:50] [Worker-Main-3/DEBUG] [REI] [END] Reloading Section: "reloadable-plugin/MenuInfoRegistryImpl/AdornReiServer [adorn]/"
[03:09:50] [Worker-Main-3/DEBUG] [REI] [END] Reloading Section: "reloadable-plugin/MenuInfoRegistryImpl/AdornReiServer [adorn]/" done in 8.730 μs
[03:09:50] [Worker-Main-3/DEBUG] [REI] [END] Reloading Section: "reloadable-plugin/MenuInfoRegistryImpl/DefaultRuntimePlugin [roughlyenoughitems]/"
[03:09:50] [Worker-Main-3/DEBUG] [REI] [END] Reloading Section: "reloadable-plugin/MenuInfoRegistryImpl/DefaultRuntimePlugin [roughlyenoughitems]/" done in 1.643 ms
[03:09:50] [Worker-Main-3/DEBUG] [REI] [END] Reloading Section: "reloadable-plugin/MenuInfoRegistryImpl/" done in 13.66 ms
[03:09:50] [Worker-Main-3/DEBUG] [REI] [END] Reloading Section: "end-reload/"
[03:09:50] [Worker-Main-3/DEBUG] [REI] [END] Reloading Section: "end-reload/MenuInfoRegistryImpl/"
[03:09:50] [Worker-Main-3/DEBUG] [REI] [END] Reloading Section: "end-reload/MenuInfoRegistryImpl/" done in 7.180 μs
[03:09:50] [Worker-Main-3/DEBUG] [REI] [END] Reloading Section: "end-reload/" done in 85.55 μs
[03:09:50] [Worker-Main-3/DEBUG] [REI] [END] Reloading Section: "post-register/"
[03:09:50] [Worker-Main-3/DEBUG] [REI] [END] Reloading Section: "post-register/DefaultPlugin [roughlyenoughitems]/"
[03:09:50] [Worker-Main-3/DEBUG] [REI] [END] Reloading Section: "post-register/DefaultPlugin [roughlyenoughitems]/" done in 11.66 μs
[03:09:50] [Worker-Main-3/DEBUG] [REI] [END] Reloading Section: "post-register/FabricFluidAPISupportPlugin/"
[03:09:50] [Worker-Main-3/DEBUG] [REI] [END] Reloading Section: "post-register/FabricFluidAPISupportPlugin/" done in 6.534 μs
[03:09:50] [Worker-Main-3/DEBUG] [REI] [END] Reloading Section: "post-register/REIServerIntegration [spectrum]/"
[03:09:50] [Worker-Main-3/DEBUG] [REI] [END] Reloading Section: "post-register/REIServerIntegration [spectrum]/" done in 5.681 μs
[03:09:50] [Worker-Main-3/DEBUG] [REI] [END] Reloading Section: "post-register/ConjuringCommonPlugin [conjuring]/"
[03:09:50] [Worker-Main-3/DEBUG] [REI] [END] Reloading Section: "post-register/ConjuringCommonPlugin [conjuring]/" done in 13.25 μs
[03:09:50] [Worker-Main-3/DEBUG] [REI] [END] Reloading Section: "post-register/ImprovedStationsREIContainerInfo [improved-stations]/"
[03:09:50] [Worker-Main-3/DEBUG] [REI] [END] Reloading Section: "post-register/ImprovedStationsREIContainerInfo [improved-stations]/" done in 6.853 μs
[03:09:50] [Worker-Main-3/DEBUG] [REI] [END] Reloading Section: "post-register/DBServerPlugin [decorative_blocks]/"
[03:09:50] [Worker-Main-3/DEBUG] [REI] [END] Reloading Section: "post-register/DBServerPlugin [decorative_blocks]/" done in 6.150 μs
[03:09:50] [Worker-Main-3/DEBUG] [REI] [END] Reloading Section: "post-register/AdornReiServer [adorn]/"
[03:09:50] [Worker-Main-3/DEBUG] [REI] [END] Reloading Section: "post-register/AdornReiServer [adorn]/" done in 4.901 μs
[03:09:50] [Worker-Main-3/DEBUG] [REI] [END] Reloading Section: "post-register/DefaultRuntimePlugin [roughlyenoughitems]/"
[03:09:50] [Worker-Main-3/DEBUG] [REI] [END] Reloading Section: "post-register/DefaultRuntimePlugin [roughlyenoughitems]/" done in 4.375 μs
[03:09:50] [Worker-Main-3/DEBUG] [REI] [END] Reloading Section: "post-register/" done in 561.9 μs
[03:09:50] [Worker-Main-3/INFO] [REI] Reloaded Plugin Manager [REIPlugin] with 2 entry types, 5 item comparators, 0 fluid comparators and 2 fluid support providers in 47ms.
[03:09:50] [Worker-Main-3/DEBUG] [REI] [END] Reloading Section: "post-register/"
[03:09:50] [Worker-Main-3/DEBUG] [REI] [END] Reloading Section: "post-register/DefaultPlugin [roughlyenoughitems]/"
[03:09:50] [Worker-Main-3/DEBUG] [REI] [END] Reloading Section: "post-register/DefaultPlugin [roughlyenoughitems]/" done in 8.725 μs
[03:09:50] [Worker-Main-3/DEBUG] [REI] [END] Reloading Section: "post-register/FabricFluidAPISupportPlugin/"
[03:09:50] [Worker-Main-3/DEBUG] [REI] [END] Reloading Section: "post-register/FabricFluidAPISupportPlugin/" done in 6.022 μs
[03:09:50] [Worker-Main-3/DEBUG] [REI] [END] Reloading Section: "post-register/REIServerIntegration [spectrum]/"
[03:09:50] [Worker-Main-3/DEBUG] [REI] [END] Reloading Section: "post-register/REIServerIntegration [spectrum]/" done in 5.393 μs
[03:09:50] [Worker-Main-3/DEBUG] [REI] [END] Reloading Section: "post-register/ConjuringCommonPlugin [conjuring]/"
[03:09:50] [Worker-Main-3/DEBUG] [REI] [END] Reloading Section: "post-register/ConjuringCommonPlugin [conjuring]/" done in 6.310 μs
[03:09:50] [Worker-Main-3/DEBUG] [REI] [END] Reloading Section: "post-register/ImprovedStationsREIContainerInfo [improved-stations]/"
[03:09:50] [Worker-Main-3/DEBUG] [REI] [END] Reloading Section: "post-register/ImprovedStationsREIContainerInfo [improved-stations]/" done in 5.771 μs
[03:09:50] [Worker-Main-3/DEBUG] [REI] [END] Reloading Section: "post-register/DBServerPlugin [decorative_blocks]/"
[03:09:50] [Worker-Main-3/DEBUG] [REI] [END] Reloading Section: "post-register/DBServerPlugin [decorative_blocks]/" done in 5.287 μs
[03:09:50] [Worker-Main-3/DEBUG] [REI] [END] Reloading Section: "post-register/AdornReiServer [adorn]/"
[03:09:50] [Worker-Main-3/DEBUG] [REI] [END] Reloading Section: "post-register/AdornReiServer [adorn]/" done in 7.047 μs
[03:09:50] [Worker-Main-3/DEBUG] [REI] [END] Reloading Section: "post-register/DefaultRuntimePlugin [roughlyenoughitems]/"
[03:09:50] [Worker-Main-3/DEBUG] [REI] [END] Reloading Section: "post-register/DefaultRuntimePlugin [roughlyenoughitems]/" done in 7.746 μs
[03:09:50] [Worker-Main-3/DEBUG] [REI] [END] Reloading Section: "post-register/" done in 572.4 μs
[03:09:50] [Worker-Main-3/INFO] [REI] Reloaded Plugin Manager [REIServerPlugin] with 6 menu infos in 15ms.
